<?xml version="1.0" encoding="UTF-8"?>
<!-- Generated by org.testng.reporters.JUnitReportReporter -->
<testsuite hostname="DESKTOP-RRK1738" failures="0" tests="1" name="SeleniumPackage.LoginClass" time="2.373" errors="0" timestamp="2023-03-15T19:13:16 IST" skipped="0">
  <testcase classname="SeleniumPackage.LoginClass" name="f" time="2.373"/>
  <system-out/>
</testsuite> <!-- SeleniumPackage.LoginClass -->
